2024-02-08 23:17:01.482 INFO  --- [           main] c.ariel.helloworld.HelloworldApplication : Starting HelloworldApplication using Java 21.0.1 with PID 35387 (/Users/chengtang/Desktop/temp/java/helloworld/target/classes started by chengtang in /Users/chengtang/Desktop/temp/java/helloworld)
2024-02-08 23:17:01.483 INFO  --- [           main] c.ariel.helloworld.HelloworldApplication : No active profile set, falling back to 1 default profile: "default"
2024-02-08 23:17:01.857 INFO  --- [           main] .s.d.r.c.RepositoryConfigurationDelegate : Multiple Spring Data modules found, entering strict repository configuration mode
2024-02-08 23:17:01.858 INFO  --- [           main] .s.d.r.c.RepositoryConfigurationDelegate : Bootstrapping Spring Data Redis repositories in DEFAULT mode.
2024-02-08 23:17:01.877 INFO  --- [           main] .s.d.r.c.RepositoryConfigurationDelegate : Finished Spring Data repository scanning in 9 ms. Found 0 Redis repository interfaces.
2024-02-08 23:17:02.170 INFO  --- [           main] o.s.b.w.embedded.tomcat.TomcatWebServer  : Tomcat initialized with port 11003 (http)
2024-02-08 23:17:02.176 INFO  --- [           main] o.apache.coyote.http11.Http11NioProtocol : Initializing ProtocolHandler ["http-nio-11003"]
2024-02-08 23:17:02.177 INFO  --- [           main] o.apache.catalina.core.StandardService   : Starting service [Tomcat]
2024-02-08 23:17:02.177 INFO  --- [           main] org.apache.catalina.core.StandardEngine  : Starting Servlet engine: [Apache Tomcat/10.1.17]
2024-02-08 23:17:02.201 INFO  --- [           main] o.a.c.c.C.[Tomcat].[localhost].[/]       : Initializing Spring embedded WebApplicationContext
2024-02-08 23:17:02.201 INFO  --- [           main] w.s.c.ServletWebServerApplicationContext : Root WebApplicationContext: initialization completed in 693 ms
2024-02-08 23:17:02.678 INFO  --- [           main] o.apache.coyote.http11.Http11NioProtocol : Starting ProtocolHandler ["http-nio-11003"]
2024-02-08 23:17:02.688 INFO  --- [           main] o.s.b.w.embedded.tomcat.TomcatWebServer  : Tomcat started on port 11003 (http) with context path ''
2024-02-08 23:17:02.694 INFO  --- [           main] c.ariel.helloworld.HelloworldApplication : Started HelloworldApplication in 1.543 seconds (process running for 1.747)
2024-02-08 23:17:28.507 INFO  --- [io-11003-exec-1] o.a.c.c.C.[Tomcat].[localhost].[/]       : Initializing Spring DispatcherServlet 'dispatcherServlet'
2024-02-08 23:17:28.508 INFO  --- [io-11003-exec-1] o.s.web.servlet.DispatcherServlet        : Initializing Servlet 'dispatcherServlet'
2024-02-08 23:17:28.508 INFO  --- [io-11003-exec-1] o.s.web.servlet.DispatcherServlet        : Completed initialization in 0 ms
2024-02-08 23:17:28.527 INFO  --- [io-11003-exec-1] ct.ariel.helloworld.http.Demo            : hello world
2024-02-08 23:17:28.595 INFO  --- [io-11003-exec-1] ct.ariel.helloworld.http.Demo            : Demo get all items from mariadb ariel, table user
[UserDo(id=1, name=Cheng Tang)]
2024-02-08 23:17:28.621 INFO  --- [io-11003-exec-1] ct.ariel.helloworld.http.Demo            : Demo get data from redis: key is hello, value is world
2024-02-08 23:20:33.976 INFO  --- [           main] c.ariel.helloworld.HelloworldApplication : Starting HelloworldApplication using Java 21.0.1 with PID 35528 (/Users/chengtang/Desktop/temp/java/helloworld/target/classes started by chengtang in /Users/chengtang/Desktop/temp/java/helloworld)
2024-02-08 23:20:33.977 INFO  --- [           main] c.ariel.helloworld.HelloworldApplication : No active profile set, falling back to 1 default profile: "default"
2024-02-08 23:20:34.333 INFO  --- [           main] .s.d.r.c.RepositoryConfigurationDelegate : Multiple Spring Data modules found, entering strict repository configuration mode
2024-02-08 23:20:34.334 INFO  --- [           main] .s.d.r.c.RepositoryConfigurationDelegate : Bootstrapping Spring Data Redis repositories in DEFAULT mode.
2024-02-08 23:20:34.349 INFO  --- [           main] .s.d.r.c.RepositoryConfigurationDelegate : Finished Spring Data repository scanning in 6 ms. Found 0 Redis repository interfaces.
2024-02-08 23:20:34.644 INFO  --- [           main] o.s.b.w.embedded.tomcat.TomcatWebServer  : Tomcat initialized with port 11003 (http)
2024-02-08 23:20:34.650 INFO  --- [           main] o.apache.coyote.http11.Http11NioProtocol : Initializing ProtocolHandler ["http-nio-11003"]
2024-02-08 23:20:34.651 INFO  --- [           main] o.apache.catalina.core.StandardService   : Starting service [Tomcat]
2024-02-08 23:20:34.651 INFO  --- [           main] org.apache.catalina.core.StandardEngine  : Starting Servlet engine: [Apache Tomcat/10.1.17]
2024-02-08 23:20:34.675 INFO  --- [           main] o.a.c.c.C.[Tomcat].[localhost].[/]       : Initializing Spring embedded WebApplicationContext
2024-02-08 23:20:34.675 INFO  --- [           main] w.s.c.ServletWebServerApplicationContext : Root WebApplicationContext: initialization completed in 678 ms
2024-02-08 23:20:35.145 INFO  --- [           main] o.apache.coyote.http11.Http11NioProtocol : Starting ProtocolHandler ["http-nio-11003"]
2024-02-08 23:20:35.160 INFO  --- [           main] o.s.b.w.embedded.tomcat.TomcatWebServer  : Tomcat started on port 11003 (http) with context path ''
2024-02-08 23:20:35.165 INFO  --- [           main] c.ariel.helloworld.HelloworldApplication : Started HelloworldApplication in 1.575 seconds (process running for 1.789)
2024-02-08 23:20:40.634 INFO  --- [io-11003-exec-1] o.a.c.c.C.[Tomcat].[localhost].[/]       : Initializing Spring DispatcherServlet 'dispatcherServlet'
2024-02-08 23:20:40.634 INFO  --- [io-11003-exec-1] o.s.web.servlet.DispatcherServlet        : Initializing Servlet 'dispatcherServlet'
2024-02-08 23:20:40.635 INFO  --- [io-11003-exec-1] o.s.web.servlet.DispatcherServlet        : Completed initialization in 1 ms
2024-02-08 23:20:40.650 INFO  --- [io-11003-exec-1] ct.ariel.helloworld.http.Demo            : hello world
2024-02-08 23:20:40.717 INFO  --- [io-11003-exec-1] ct.ariel.helloworld.http.Demo            : Demo get all items from mariadb ariel, table user
[UserDo(id=1, name=Cheng Tang)]
2024-02-08 23:20:40.743 INFO  --- [io-11003-exec-1] ct.ariel.helloworld.http.Demo            : Demo get data from redis: key is hello, value is world
2024-02-08 23:21:15.563 INFO  --- [io-11003-exec-3] ct.ariel.helloworld.http.Demo            : hello world
2024-02-08 23:21:15.590 INFO  --- [io-11003-exec-3] ct.ariel.helloworld.http.Demo            : Demo get all items from mariadb ariel, table user
[UserDo(id=1, name=Cheng Tang)]
2024-02-08 23:21:15.594 INFO  --- [io-11003-exec-3] ct.ariel.helloworld.http.Demo            : Demo get data from redis: key is hello, value is world
